[INFO ] 2023-08-09 00:47:51.791 [main] Stepdef - Execution started
[INFO ] 2023-08-09 00:47:51.821 [main] Stepdef - Chrome browser started
[INFO ] 2023-08-09 00:48:12.949 [main] Stepdef - Execution started
[INFO ] 2023-08-09 00:48:12.951 [main] Stepdef - Chrome browser started
[INFO ] 2023-08-09 21:41:01.690 [main] Stepdef - Execution started
[INFO ] 2023-08-09 21:41:01.719 [main] Stepdef - Chrome browser started
[TRACE] 2023-08-09 21:41:21.815 [main] Stepdef - gender
[TRACE] 2023-08-09 21:41:22.008 [main] Stepdef - vendor
[WARN ] 2023-08-09 21:41:24.806 [main] Stepdef - Body message is correct
[INFO ] 2023-08-09 21:41:25.714 [main] Stepdef - Execution started
[INFO ] 2023-08-09 21:41:25.714 [main] Stepdef - Chrome browser started
[INFO ] 2023-08-09 22:01:44.503 [main] Stepdef - Execution started
[INFO ] 2023-08-09 22:03:10.611 [main] Stepdef - Execution started
[INFO ] 2023-08-09 22:03:56.607 [main] Stepdef - Chrome browser started
[INFO ] 2023-08-09 22:07:31.384 [main] Stepdef - Execution started
[INFO ] 2023-08-09 22:07:31.414 [main] Stepdef - Chrome browser started
[TRACE] 2023-08-09 22:08:11.933 [main] Stepdef - gender
[TRACE] 2023-08-09 22:08:12.100 [main] Stepdef - vendor
[WARN ] 2023-08-09 22:08:14.747 [main] Stepdef - Body message is correct
[INFO ] 2023-08-09 22:08:15.643 [main] Stepdef - Execution started
[INFO ] 2023-08-09 22:08:15.645 [main] Stepdef - Chrome browser started
[INFO ] 2023-08-14 14:31:20.125 [main] Stepdef - Execution started
[INFO ] 2023-08-14 14:31:20.182 [main] Stepdef - Chrome browser started
[INFO ] 2023-08-14 14:31:35.611 [main] Stepdef - Execution started
[INFO ] 2023-08-14 14:31:35.613 [main] Stepdef - Chrome browser started
[INFO ] 2023-08-14 14:33:05.523 [main] Stepdef - Execution started
[INFO ] 2023-08-14 14:33:05.583 [main] Stepdef - Chrome browser started
[TRACE] 2023-08-14 14:33:26.120 [main] Stepdef - gender
[TRACE] 2023-08-14 14:33:26.482 [main] Stepdef - vendor
[WARN ] 2023-08-14 14:33:28.401 [main] Stepdef - Body message is correct
[INFO ] 2023-08-14 14:33:34.829 [main] Stepdef - Execution started
[INFO ] 2023-08-14 14:33:34.832 [main] Stepdef - Chrome browser started
[INFO ] 2023-08-14 14:37:44.012 [main] Stepdef - Execution started
[INFO ] 2023-08-14 14:37:44.066 [main] Stepdef - Chrome browser started
[TRACE] 2023-08-14 14:38:04.778 [main] Stepdef - gender
[TRACE] 2023-08-14 14:38:05.138 [main] Stepdef - vendor
[WARN ] 2023-08-14 14:38:07.205 [main] Stepdef - Body message is correct
[INFO ] 2023-08-14 14:38:13.463 [main] Stepdef - Execution started
[INFO ] 2023-08-14 14:38:13.466 [main] Stepdef - Chrome browser started
[INFO ] 2023-08-14 14:41:44.082 [main] Stepdef - Execution started
[INFO ] 2023-08-14 14:41:44.137 [main] Stepdef - Chrome browser started
[TRACE] 2023-08-14 14:42:05.376 [main] Stepdef - gender
[TRACE] 2023-08-14 14:42:05.749 [main] Stepdef - vendor
[WARN ] 2023-08-14 14:42:07.854 [main] Stepdef - Body message is correct
[INFO ] 2023-08-14 14:42:13.993 [main] Stepdef - Execution started
[INFO ] 2023-08-14 14:42:13.995 [main] Stepdef - Chrome browser started
[INFO ] 2023-08-14 14:48:31.023 [main] Stepdef - Execution started
[INFO ] 2023-08-14 14:48:31.079 [main] Stepdef - Chrome browser started
[TRACE] 2023-08-14 14:48:49.329 [main] Stepdef - gender
[TRACE] 2023-08-14 14:48:49.690 [main] Stepdef - vendor
[WARN ] 2023-08-14 14:48:51.552 [main] Stepdef - Body message is correct
[INFO ] 2023-08-14 14:48:57.753 [main] Stepdef - Execution started
[INFO ] 2023-08-14 14:48:57.755 [main] Stepdef - Chrome browser started
[INFO ] 2023-08-14 14:52:48.967 [main] Stepdef - Execution started
[INFO ] 2023-08-14 14:52:49.014 [main] Stepdef - Chrome browser started
[TRACE] 2023-08-14 14:53:10.993 [main] Stepdef - gender
[TRACE] 2023-08-14 14:53:11.285 [main] Stepdef - vendor
[WARN ] 2023-08-14 14:53:13.148 [main] Stepdef - Body message is correct
[INFO ] 2023-08-14 14:53:14.378 [main] Stepdef - Execution started
[INFO ] 2023-08-14 14:53:14.380 [main] Stepdef - Chrome browser started
[INFO ] 2023-08-14 14:58:03.111 [main] Stepdef - Execution started
[INFO ] 2023-08-14 14:58:03.165 [main] Stepdef - Chrome browser started
[TRACE] 2023-08-14 14:58:19.567 [main] Stepdef - gender
[TRACE] 2023-08-14 14:58:19.933 [main] Stepdef - vendor
[WARN ] 2023-08-14 14:58:21.948 [main] Stepdef - Body message is correct
[INFO ] 2023-08-14 14:58:28.475 [main] Stepdef - Execution started
[INFO ] 2023-08-14 14:58:28.481 [main] Stepdef - Chrome browser started
[INFO ] 2023-08-14 15:06:39.648 [main] Stepdef - Execution started
[INFO ] 2023-08-14 15:06:39.697 [main] Stepdef - Chrome browser started
[TRACE] 2023-08-14 15:06:56.344 [main] Stepdef - gender
[TRACE] 2023-08-14 15:06:56.748 [main] Stepdef - vendor
[WARN ] 2023-08-14 15:06:59.109 [main] Stepdef - Body message is correct
[INFO ] 2023-08-14 15:07:04.431 [main] Stepdef - Execution started
[INFO ] 2023-08-14 15:07:04.434 [main] Stepdef - Chrome browser started
[INFO ] 2023-08-14 15:08:58.659 [main] Stepdef - Execution started
[INFO ] 2023-08-14 15:08:58.700 [main] Stepdef - Chrome browser started
[INFO ] 2023-08-14 15:09:23.342 [main] Stepdef - Execution started
[INFO ] 2023-08-14 15:09:23.345 [main] Stepdef - Chrome browser started
[INFO ] 2023-08-14 15:14:18.845 [main] Stepdef - Execution started
[INFO ] 2023-08-14 15:14:18.913 [main] Stepdef - Chrome browser started
[TRACE] 2023-08-14 15:14:37.212 [main] Stepdef - gender
[TRACE] 2023-08-14 15:14:37.576 [main] Stepdef - vendor
[WARN ] 2023-08-14 15:14:39.686 [main] Stepdef - Body message is correct
[INFO ] 2023-08-14 15:14:46.179 [main] Stepdef - Execution started
[INFO ] 2023-08-14 15:14:46.182 [main] Stepdef - Chrome browser started
[INFO ] 2023-08-14 15:19:56.373 [main] Stepdef - Execution started
[INFO ] 2023-08-14 15:19:56.433 [main] Stepdef - Chrome browser started
[TRACE] 2023-08-14 15:20:16.537 [main] Stepdef - gender
[TRACE] 2023-08-14 15:20:16.899 [main] Stepdef - vendor
[WARN ] 2023-08-14 15:20:18.820 [main] Stepdef - Body message is correct
[INFO ] 2023-08-14 15:20:24.871 [main] Stepdef - Execution started
[INFO ] 2023-08-14 15:20:24.874 [main] Stepdef - Chrome browser started
[INFO ] 2023-08-14 15:26:41.994 [main] Stepdef - Execution started
[INFO ] 2023-08-14 15:26:42.050 [main] Stepdef - Chrome browser started
[INFO ] 2023-08-14 15:26:49.173 [main] Stepdef - Execution started
[INFO ] 2023-08-14 15:26:49.177 [main] Stepdef - Chrome browser started
[INFO ] 2023-08-14 15:27:54.688 [main] Stepdef - Execution started
[INFO ] 2023-08-14 15:27:54.746 [main] Stepdef - Chrome browser started
[INFO ] 2023-08-14 15:28:01.502 [main] Stepdef - Execution started
[INFO ] 2023-08-14 15:28:01.506 [main] Stepdef - Chrome browser started
[INFO ] 2023-08-14 15:28:31.069 [main] Stepdef - Execution started
[INFO ] 2023-08-14 15:28:31.136 [main] Stepdef - Chrome browser started
[INFO ] 2023-08-14 15:28:37.840 [main] Stepdef - Execution started
[INFO ] 2023-08-14 15:28:37.842 [main] Stepdef - Chrome browser started
[INFO ] 2023-08-14 15:34:15.649 [main] Stepdef - Execution started
[INFO ] 2023-08-14 15:34:15.704 [main] Stepdef - Chrome browser started
[INFO ] 2023-08-14 15:34:23.133 [main] Stepdef - Execution started
[INFO ] 2023-08-14 15:34:23.136 [main] Stepdef - Chrome browser started
[INFO ] 2023-08-14 15:35:05.182 [main] Stepdef - Execution started
[INFO ] 2023-08-14 15:35:05.226 [main] Stepdef - Chrome browser started
[INFO ] 2023-08-14 15:35:08.070 [main] Stepdef - Execution started
[INFO ] 2023-08-14 15:35:08.072 [main] Stepdef - Chrome browser started
[INFO ] 2023-08-14 18:12:50.043 [main] Stepdef - Execution started
[INFO ] 2023-08-14 18:12:50.076 [main] Stepdef - Chrome browser started
[TRACE] 2023-08-14 18:13:06.838 [main] Stepdef - gender
[TRACE] 2023-08-14 18:13:07.038 [main] Stepdef - vendor
[WARN ] 2023-08-14 18:13:08.325 [main] Stepdef - Body message is correct
[INFO ] 2023-08-14 18:13:09.142 [main] Stepdef - Execution started
[INFO ] 2023-08-14 18:13:09.144 [main] Stepdef - Chrome browser started
[INFO ] 2023-08-14 18:14:35.167 [main] Stepdef - Execution started
[INFO ] 2023-08-14 18:14:35.194 [main] Stepdef - Chrome browser started
[TRACE] 2023-08-14 18:14:52.815 [main] Stepdef - gender
[TRACE] 2023-08-14 18:14:52.973 [main] Stepdef - vendor
[WARN ] 2023-08-14 18:14:54.384 [main] Stepdef - Body message is correct
[INFO ] 2023-08-14 18:14:55.259 [main] Stepdef - Execution started
[INFO ] 2023-08-14 18:14:55.260 [main] Stepdef - Chrome browser started
[INFO ] 2023-08-14 18:15:49.073 [main] Stepdef - Execution started
[INFO ] 2023-08-14 18:15:49.098 [main] Stepdef - Chrome browser started
[INFO ] 2023-08-14 18:16:09.710 [main] Stepdef - Execution started
[INFO ] 2023-08-14 18:16:09.711 [main] Stepdef - Chrome browser started
[INFO ] 2023-08-14 18:18:17.680 [main] Stepdef - Execution started
[INFO ] 2023-08-14 18:18:17.705 [main] Stepdef - Chrome browser started
[INFO ] 2023-08-14 18:18:38.458 [main] Stepdef - Execution started
[INFO ] 2023-08-14 18:18:38.460 [main] Stepdef - Chrome browser started
[INFO ] 2023-08-14 18:23:28.567 [main] Stepdef - Execution started
[INFO ] 2023-08-14 18:23:28.593 [main] Stepdef - Chrome browser started
[TRACE] 2023-08-14 18:23:46.955 [main] Stepdef - gender
[TRACE] 2023-08-14 18:23:47.111 [main] Stepdef - vendor
[WARN ] 2023-08-14 18:23:48.663 [main] Stepdef - Body message is correct
[INFO ] 2023-08-14 18:23:51.513 [main] Stepdef - Execution started
[INFO ] 2023-08-14 18:23:51.515 [main] Stepdef - Chrome browser started
[INFO ] 2023-08-14 18:40:02.547 [main] Stepdef - Execution started
[INFO ] 2023-08-14 18:40:02.608 [main] Stepdef - Chrome browser started
[TRACE] 2023-08-14 18:40:21.823 [main] Stepdef - gender
[TRACE] 2023-08-14 18:40:21.975 [main] Stepdef - vendor
[WARN ] 2023-08-14 18:40:23.421 [main] Stepdef - Body message is correct
[INFO ] 2023-08-14 18:40:26.267 [main] Stepdef - Execution started
[INFO ] 2023-08-14 18:40:26.268 [main] Stepdef - Chrome browser started
[INFO ] 2023-08-14 18:44:30.926 [main] Stepdef - Execution started
[INFO ] 2023-08-14 18:44:30.952 [main] Stepdef - Chrome browser started
[TRACE] 2023-08-14 18:44:48.866 [main] Stepdef - gender
[TRACE] 2023-08-14 18:44:49.026 [main] Stepdef - vendor
[WARN ] 2023-08-14 18:44:50.585 [main] Stepdef - Body message is correct
[INFO ] 2023-08-14 18:44:53.450 [main] Stepdef - Execution started
[INFO ] 2023-08-14 18:44:53.452 [main] Stepdef - Chrome browser started
[INFO ] 2023-08-14 18:46:14.922 [main] Stepdef - Execution started
[INFO ] 2023-08-14 18:46:14.951 [main] Stepdef - Chrome browser started
[TRACE] 2023-08-14 18:46:31.130 [main] Stepdef - gender
[TRACE] 2023-08-14 18:46:31.284 [main] Stepdef - vendor
[WARN ] 2023-08-14 18:46:32.783 [main] Stepdef - Body message is correct
[INFO ] 2023-08-14 18:46:35.606 [main] Stepdef - Execution started
[INFO ] 2023-08-14 18:46:35.607 [main] Stepdef - Chrome browser started
[INFO ] 2023-08-14 18:50:59.666 [main] Stepdef - Execution started
[INFO ] 2023-08-14 18:50:59.693 [main] Stepdef - Chrome browser started
[TRACE] 2023-08-14 18:51:18.345 [main] Stepdef - gender
[TRACE] 2023-08-14 18:51:18.497 [main] Stepdef - vendor
[WARN ] 2023-08-14 18:51:19.930 [main] Stepdef - Body message is correct
[INFO ] 2023-08-14 18:51:22.761 [main] Stepdef - Execution started
[INFO ] 2023-08-14 18:51:22.763 [main] Stepdef - Chrome browser started
[INFO ] 2023-08-14 19:04:05.111 [main] Stepdef - Execution started
[INFO ] 2023-08-14 19:04:05.154 [main] Stepdef - Chrome browser started
[INFO ] 2023-08-14 19:04:20.869 [main] Stepdef - Execution started
[INFO ] 2023-08-14 19:04:20.871 [main] Stepdef - Chrome browser started
[INFO ] 2023-08-14 19:05:37.625 [main] Stepdef - Execution started
[INFO ] 2023-08-14 19:05:37.687 [main] Stepdef - Chrome browser started
[INFO ] 2023-08-14 19:05:53.892 [main] Stepdef - Execution started
[INFO ] 2023-08-14 19:05:53.895 [main] Stepdef - Chrome browser started
[INFO ] 2023-08-14 19:08:13.247 [main] Stepdef - Execution started
[INFO ] 2023-08-14 19:08:13.292 [main] Stepdef - Chrome browser started
[TRACE] 2023-08-14 19:08:31.744 [main] Stepdef - gender
[TRACE] 2023-08-14 19:08:31.988 [main] Stepdef - vendor
[WARN ] 2023-08-14 19:08:33.874 [main] Stepdef - Body message is correct
[INFO ] 2023-08-14 19:08:37.029 [main] Stepdef - Execution started
[INFO ] 2023-08-14 19:08:37.035 [main] Stepdef - Chrome browser started
[INFO ] 2023-08-14 19:09:28.160 [main] Stepdef - Execution started
[INFO ] 2023-08-14 19:09:28.213 [main] Stepdef - Chrome browser started
[INFO ] 2023-08-14 19:09:41.647 [main] Stepdef - Execution started
[INFO ] 2023-08-14 19:09:41.649 [main] Stepdef - Chrome browser started
[INFO ] 2023-08-14 19:13:52.070 [main] Stepdef - Execution started
[INFO ] 2023-08-14 19:13:52.121 [main] Stepdef - Chrome browser started
[INFO ] 2023-08-14 19:14:08.426 [main] Stepdef - Execution started
[INFO ] 2023-08-14 19:14:08.428 [main] Stepdef - Chrome browser started
[INFO ] 2023-08-14 19:23:17.356 [main] Stepdef - Execution started
[INFO ] 2023-08-14 19:23:17.401 [main] Stepdef - Chrome browser started
[INFO ] 2023-08-14 19:23:32.489 [main] Stepdef - Execution started
[INFO ] 2023-08-14 19:23:32.490 [main] Stepdef - Chrome browser started
[INFO ] 2023-08-14 19:48:49.391 [main] Stepdef - Execution started
[INFO ] 2023-08-14 19:48:49.443 [main] Stepdef - Chrome browser started
[INFO ] 2023-08-14 19:49:03.746 [main] Stepdef - Execution started
[INFO ] 2023-08-14 19:49:03.748 [main] Stepdef - Chrome browser started
[INFO ] 2023-08-14 19:54:21.283 [main] Stepdef - Execution started
[INFO ] 2023-08-14 19:54:21.312 [main] Stepdef - Chrome browser started
[INFO ] 2023-08-14 19:54:36.251 [main] Stepdef - Execution started
[INFO ] 2023-08-14 19:54:36.251 [main] Stepdef - Chrome browser started
[INFO ] 2023-08-14 19:58:08.229 [main] Stepdef - Execution started
[INFO ] 2023-08-14 19:58:08.256 [main] Stepdef - Chrome browser started
[INFO ] 2023-08-14 19:58:23.193 [main] Stepdef - Execution started
[INFO ] 2023-08-14 19:58:23.194 [main] Stepdef - Chrome browser started
[INFO ] 2023-08-14 20:00:19.654 [main] Stepdef - Execution started
[INFO ] 2023-08-14 20:00:19.689 [main] Stepdef - Chrome browser started
[INFO ] 2023-08-14 20:00:37.101 [main] Stepdef - Execution started
[INFO ] 2023-08-14 20:00:37.102 [main] Stepdef - Chrome browser started
[INFO ] 2023-08-14 20:06:02.395 [main] Stepdef - Execution started
[INFO ] 2023-08-14 20:06:02.422 [main] Stepdef - Chrome browser started
[INFO ] 2023-08-14 20:06:19.237 [main] Stepdef - Execution started
[INFO ] 2023-08-14 20:06:19.238 [main] Stepdef - Chrome browser started
[INFO ] 2023-08-14 20:09:46.186 [main] Stepdef - Execution started
[INFO ] 2023-08-14 20:09:46.216 [main] Stepdef - Chrome browser started
[TRACE] 2023-08-14 20:10:05.160 [main] Stepdef - gender
[TRACE] 2023-08-14 20:10:05.306 [main] Stepdef - vendor
[WARN ] 2023-08-14 20:10:06.682 [main] Stepdef - Body message is correct
[INFO ] 2023-08-14 20:10:09.560 [main] Stepdef - Execution started
[INFO ] 2023-08-14 20:10:09.561 [main] Stepdef - Chrome browser started
[INFO ] 2023-08-14 20:13:43.336 [main] Stepdef - Execution started
[INFO ] 2023-08-14 20:13:43.360 [main] Stepdef - Chrome browser started
[INFO ] 2023-08-14 20:13:59.036 [main] Stepdef - Execution started
[INFO ] 2023-08-14 20:13:59.039 [main] Stepdef - Chrome browser started
[INFO ] 2023-08-14 20:14:57.941 [main] Stepdef - Execution started
[INFO ] 2023-08-14 20:14:57.972 [main] Stepdef - Chrome browser started
[INFO ] 2023-08-14 20:15:15.995 [main] Stepdef - Execution started
[INFO ] 2023-08-14 20:15:15.997 [main] Stepdef - Chrome browser started
[INFO ] 2023-08-14 20:26:51.410 [main] Stepdef - Execution started
[INFO ] 2023-08-14 20:26:51.441 [main] Stepdef - Chrome browser started
[TRACE] 2023-08-14 20:27:11.248 [main] Stepdef - gender
[TRACE] 2023-08-14 20:27:11.423 [main] Stepdef - vendor
[WARN ] 2023-08-14 20:27:12.804 [main] Stepdef - Body message is correct
[INFO ] 2023-08-14 20:27:15.830 [main] Stepdef - Execution started
[INFO ] 2023-08-14 20:27:15.831 [main] Stepdef - Chrome browser started
[INFO ] 2023-08-14 20:30:38.515 [main] Stepdef - Execution started
[INFO ] 2023-08-14 20:30:38.554 [main] Stepdef - Chrome browser started
[INFO ] 2023-08-14 20:30:57.784 [main] Stepdef - Execution started
[INFO ] 2023-08-14 20:30:57.786 [main] Stepdef - Chrome browser started
[INFO ] 2023-08-14 20:33:04.236 [main] Stepdef - Execution started
[INFO ] 2023-08-14 20:33:04.267 [main] Stepdef - Chrome browser started
[TRACE] 2023-08-14 20:33:24.210 [main] Stepdef - gender
[TRACE] 2023-08-14 20:33:24.366 [main] Stepdef - vendor
[WARN ] 2023-08-14 20:33:25.806 [main] Stepdef - Body message is correct
[INFO ] 2023-08-14 20:33:28.576 [main] Stepdef - Execution started
[INFO ] 2023-08-14 20:33:28.577 [main] Stepdef - Chrome browser started
[INFO ] 2023-08-14 20:39:05.410 [main] Stepdef - Execution started
[INFO ] 2023-08-14 20:39:05.451 [main] Stepdef - Chrome browser started
[TRACE] 2023-08-14 20:39:25.191 [main] Stepdef - gender
[TRACE] 2023-08-14 20:39:25.345 [main] Stepdef - vendor
[WARN ] 2023-08-14 20:39:26.841 [main] Stepdef - Body message is correct
[INFO ] 2023-08-14 20:39:29.667 [main] Stepdef - Execution started
[INFO ] 2023-08-14 20:39:29.668 [main] Stepdef - Chrome browser started
